<?xml version="1.0" encoding="UTF-8"?>
<!-- Generated by org.testng.reporters.JUnitReportReporter -->
<testsuite hostname="DESKTOP-CA36RNS" failures="0" tests="1" name="restAPITest.PostRequest" time="1.696" errors="0" timestamp="2023-07-19T16:21:26 BDT" skipped="0">
  <testcase classname="restAPITest.PostRequest" name="test4" time="1.696"/>
  <system-out/>
</testsuite> <!-- restAPITest.PostRequest -->
