<?xml version="1.0" encoding="UTF-8"?>
<!-- Generated by org.testng.reporters.JUnitReportReporter -->
<testsuite hostname="DESKTOP-S6OTDAL" failures="0" tests="5" name="restAPITestilng.GetRequest" time="2.524" errors="0" timestamp="2023-06-14T00:59:46 BDT" skipped="0">
  <testcase classname="restAPITestilng.GetRequest" name="test6" time="0.021"/>
  <system-out/>
  <testcase classname="restAPITestilng.GetRequest" name="test3" time="0.636"/>
  <system-out/>
  <testcase classname="restAPITestilng.GetRequest" name="test1" time="1.278"/>
  <system-out/>
  <testcase classname="restAPITestilng.GetRequest" name="test5" time="0.017"/>
  <system-out/>
  <testcase classname="restAPITestilng.GetRequest" name="test2" time="0.572"/>
  <system-out/>
</testsuite> <!-- restAPITestilng.GetRequest -->
