<?xml version="1.0" encoding="UTF-8"?>
<!-- Generated by org.testng.reporters.JUnitReportReporter -->
<testsuite hostname="DESKTOP-CA36RNS" failures="0" tests="1" name="restAPITest.Task2Tests" time="3.582" errors="0" timestamp="2023-07-23T15:45:38 BDT" skipped="0">
  <testcase classname="restAPITest.Task2Tests" name="test1" time="3.582"/>
  <system-out/>
</testsuite> <!-- restAPITest.Task2Tests -->
