<?xml version="1.0" encoding="UTF-8"?>
<!-- Generated by org.testng.reporters.JUnitReportReporter -->
<testsuite hostname="DESKTOP-CA36RNS" failures="0" tests="1" name="restAPITest.GetRequest" time="0.689" errors="0" timestamp="2023-07-19T15:18:57 BDT" skipped="0">
  <testcase classname="restAPITest.GetRequest" name="test6" time="0.689"/>
  <system-out/>
</testsuite> <!-- restAPITest.GetRequest -->
