<?xml version="1.0" encoding="UTF-8"?>
<!-- Generated by org.testng.reporters.JUnitReportReporter -->
<testsuite hostname="DESKTOP-S6OTDAL" failures="0" tests="1" name="restAPITestilng.PostRequest" time="1.539" errors="0" timestamp="2023-06-14T01:01:26 BDT" skipped="0">
  <testcase classname="restAPITestilng.PostRequest" name="test4" time="1.539"/>
  <system-out/>
</testsuite> <!-- restAPITestilng.PostRequest -->
